Arguments: 
  C:\Program Files\nodejs\node.exe C:\Users\corpc34530431\AppData\Roaming\npm\node_modules\yarn\bin\yarn.js

PATH: 
  C:\Users\corpc34530431\bin;C:\Users\corpc34530431\AppData\Local\Programs\Git\mingw64\bin;C:\Users\corpc34530431\AppData\Local\Programs\Git\usr\local\bin;C:\Users\corpc34530431\AppData\Local\Programs\Git\usr\bin;C:\Users\corpc34530431\AppData\Local\Programs\Git\usr\bin;C:\Users\corpc34530431\AppData\Local\Programs\Git\mingw64\bin;C:\Users\corpc34530431\AppData\Local\Programs\Git\usr\bin;C:\Users\corpc34530431\bin;C:\Python39\Scripts;C:\Python39;C:\Program Files (x86)\Common Files\Oracle\Java\javapath;C:\Windows\system32;C:\Windows;C:\Windows\System32\Wbem;C:\Windows\System32\WindowsPowerShell\v1.0;C:\Windows\System32\OpenSSH;C:\Program Files\nodejs;C:\ProgramData\chocolatey\bin;C:\Program Files\Docker\Docker\resources\bin;C:\ProgramData\DockerDesktop\version-bin;C:\Program Files\Go\bin;C:\Users\corpc34530431\AppData\Local\Microsoft\WindowsApps;C:\Users\corpc34530431\AppData\Local\Programs\Microsoft VS Code\bin;C:\Users\corpc34530431\AppData\Local\Programs\Git\cmd;C:\Users\corpc34530431\AppData\Local\JetBrains\WebStorm 2021.1\bin;C:\Users\corpc34530431\AppData\Roaming\npm;C:\Users\corpc34530431\go\bin;C:\Users\corpc34530431\AppData\Local\Programs\Git\usr\bin\vendor_perl;C:\Users\corpc34530431\AppData\Local\Programs\Git\usr\bin\core_perl

Yarn version: 
  1.22.10

Node version: 
  14.16.1

Platform: 
  win32 x64

Trace: 
  Error: getaddrinfo ENOTFOUND registry.yarnpkg.com
      at GetAddrInfoReqWrap.onlookup [as oncomplete] (dns.js:67:26)

npm manifest: 
  {
    "name": "react-ssr",
    "version": "1.0.0",
    "description": "Server side rendering project",
    "main": "index.js",
    "scripts": {},
    "author": "",
    "license": "ISC",
    "dependencies": {
      "axios": "0.16.2",
      "babel-cli": "6.26.0",
      "babel-core": "6.26.0",
      "babel-loader": "7.1.2",
      "babel-preset-env": "1.6.0",
      "babel-preset-es2015": "6.24.1",
      "babel-preset-es2017": "6.24.1",
      "babel-preset-react": "6.24.1",
      "babel-preset-stage-0": "6.24.1",
      "compression": "1.7.0",
      "concurrently": "3.5.0",
      "express": "4.15.4",
      "express-http-proxy": "1.0.6",
      "lodash": "4.17.4",
      "nodemon": "1.12.0",
      "npm-run-all": "4.1.1",
      "react": "16.0.0",
      "react-dom": "16.0.0",
      "react-helmet": "5.2.0",
      "react-redux": "5.0.6",
      "react-router-config": "1.0.0-beta.4",
      "react-router-dom": "4.2.2",
      "redux": "3.7.2",
      "redux-thunk": "2.2.0",
      "serialize-javascript": "1.4.0",
      "webpack": "3.5.6",
      "webpack-dev-server": "2.8.2",
      "webpack-merge": "4.1.0",
      "webpack-node-externals": "1.6.0"
    }
  }

yarn manifest: 
  No manifest

Lockfile: 
  No lockfile
